  OpenCVApplication.cpp
c:\users\zenbookx\documents\facultate\an iv\prs\opencvapplication-vs2015_ocv31_basic\opencvapplication.cpp(434): warning C4305: 'initializing': truncation from 'int' to 'float'
c:\users\zenbookx\documents\facultate\an iv\prs\opencvapplication-vs2015_ocv31_basic\opencvapplication.cpp(449): warning C4244: 'argument': conversion from 'float' to 'int', possible loss of data
c:\users\zenbookx\documents\facultate\an iv\prs\opencvapplication-vs2015_ocv31_basic\opencvapplication.cpp(466): warning C4244: 'argument': conversion from 'float' to 'int', possible loss of data
c:\users\zenbookx\documents\facultate\an iv\prs\opencvapplication-vs2015_ocv31_basic\opencvapplication.cpp(472): warning C4244: 'argument': conversion from 'float' to 'int', possible loss of data
c:\users\zenbookx\documents\facultate\an iv\prs\opencvapplication-vs2015_ocv31_basic\opencvapplication.cpp(473): warning C4244: 'argument': conversion from 'float' to 'int', possible loss of data
c:\users\zenbookx\documents\facultate\an iv\prs\opencvapplication-vs2015_ocv31_basic\opencvapplication.cpp(489): warning C4305: 'initializing': truncation from 'double' to 'float'
c:\users\zenbookx\documents\facultate\an iv\prs\opencvapplication-vs2015_ocv31_basic\opencvapplication.cpp(509): warning C4244: 'initializing': conversion from 'int' to 'float', possible loss of data
c:\users\zenbookx\documents\facultate\an iv\prs\opencvapplication-vs2015_ocv31_basic\opencvapplication.cpp(510): warning C4244: 'initializing': conversion from 'int' to 'float', possible loss of data
c:\users\zenbookx\documents\facultate\an iv\prs\opencvapplication-vs2015_ocv31_basic\opencvapplication.cpp(511): warning C4244: 'initializing': conversion from 'int' to 'float', possible loss of data
c:\users\zenbookx\documents\facultate\an iv\prs\opencvapplication-vs2015_ocv31_basic\opencvapplication.cpp(551): warning C4244: 'initializing': conversion from 'double' to 'int', possible loss of data
c:\users\zenbookx\documents\facultate\an iv\prs\opencvapplication-vs2015_ocv31_basic\opencvapplication.cpp(559): warning C4244: 'initializing': conversion from 'double' to 'int', possible loss of data
c:\users\zenbookx\documents\facultate\an iv\prs\opencvapplication-vs2015_ocv31_basic\opencvapplication.cpp(598): warning C4244: 'argument': conversion from 'double' to 'int', possible loss of data
c:\users\zenbookx\documents\facultate\an iv\prs\opencvapplication-vs2015_ocv31_basic\opencvapplication.cpp(600): warning C4244: 'argument': conversion from 'double' to 'int', possible loss of data
c:\users\zenbookx\documents\facultate\an iv\prs\opencvapplication-vs2015_ocv31_basic\opencvapplication.cpp(771): warning C4244: 'return': conversion from 'double' to 'int', possible loss of data
c:\users\zenbookx\documents\facultate\an iv\prs\opencvapplication-vs2015_ocv31_basic\opencvapplication.cpp(786): warning C4267: 'initializing': conversion from 'size_t' to 'int', possible loss of data
c:\users\zenbookx\documents\facultate\an iv\prs\opencvapplication-vs2015_ocv31_basic\opencvapplication.cpp(790): warning C4244: 'argument': conversion from 'time_t' to 'unsigned int', possible loss of data
c:\users\zenbookx\documents\facultate\an iv\prs\opencvapplication-vs2015_ocv31_basic\opencvapplication.cpp(837): warning C4244: 'argument': conversion from 'time_t' to 'unsigned int', possible loss of data
  OpenCVApplication.vcxproj -> C:\Users\zenbookx\Documents\Facultate\An IV\PRS\OpenCVApplication-VS2015_OCV31_basic\x64\Debug\OpenCVApplication.exe
  OpenCVApplication.vcxproj -> C:\Users\zenbookx\Documents\Facultate\An IV\PRS\OpenCVApplication-VS2015_OCV31_basic\x64\Debug\OpenCVApplication.pdb (Full PDB)
  OpenCV\dll\Debug\opencv_ffmpeg310_64.dll
  OpenCV\dll\Debug\opencv_world310d.dll
          2 file(s) copied.
